<?xml version="1.0" encoding="UTF-8"?>
<!-- Generated by org.testng.reporters.JUnitXMLReporter -->
<testsuite ignored="0" hostname="DESKTOP-QNIABA3" failures="0" tests="3" name="Test" time="0.066" errors="0" timestamp="2021-12-09T17:17:55 IST">
  <testcase classname="wwwwwwww.sq" name="@BeforeSuite name1" time="2.104">
    <failure type="java.lang.StackOverflowError">
      <![CDATA[java.lang.StackOverflowError
at java.base/java.util.concurrent.ConcurrentHashMap.<init>(ConcurrentHashMap.java:842)
at java.base/java.util.Properties.<init>(Properties.java:208)
at java.base/java.util.Properties.<init>(Properties.java:175)
at com.propery.TestDataProperties.getProperty(TestDataProperties.java:36)
at com.propery.TestDataProperties.getProperty(TestDataProperties.java:38)
at com.propery.TestDataProperties.getProperty(TestDataProperties.java:38)
at com.propery.TestDataProperties.getProperty(TestDataProperties.java:38)
at com.propery.TestDataProperties.getProperty(TestDataProperties.java:38)
at com.propery.TestDataProperties.getProperty(TestDataProperties.java:38)
at com.propery.TestDataProperties.getProperty(TestDataProperties.java:38)
at com.propery.TestDataProperties.getProperty(TestDataProperties.java:38)
at com.propery.TestDataProperties.getProperty(TestDataProperties.java:38)
at com.propery.TestDataProperties.getProperty(TestDataProperties.java:38)
at com.propery.TestDataProperties.getProperty(TestDataProperties.java:38)
at com.propery.TestDataProperties.getProperty(TestDataProperties.java:38)
at com.propery.TestDataProperties.getProperty(TestDataProperties.java:38)
at com.propery.TestDataProperties.getProperty(TestDataProperties.java:38)
at com.propery.TestDataProperties.getProperty(TestDataProperties.java:38)
at com.propery.TestDataProperties.getProperty(TestDataProperties.java:38)
at com.propery.TestDataProperties.getProperty(TestDataProperties.java:38)
at com.propery.TestDataProperties.getProperty(TestDataProperties.java:38)
at com.propery.TestDataProperties.getProperty(TestDataProperties.java:38)
at com.propery.TestDataProperties.getProperty(TestDataProperties.java:38)
at com.propery.TestDataProperties.getProperty(TestDataProperties.java:38)
at com.propery.TestDataProperties.getProperty(TestDataProperties.java:38)
at com.propery.TestDataProperties.getProperty(TestDataProperties.java:38)
at com.propery.TestDataProperties.getProperty(TestDataProperties.java:38)
at com.propery.TestDataProperties.getProperty(TestDataProperties.java:38)
at com.propery.TestDataProperties.getProperty(TestDataProperties.java:38)
at com.propery.TestDataProperties.getProperty(TestDataProperties.java:38)
at com.propery.TestDataProperties.getProperty(TestDataProperties.java:38)
at com.propery.TestDataProperties.getProperty(TestDataProperties.java:38)
at com.propery.TestDataProperties.getProperty(TestDataProperties.java:38)
at com.propery.TestDataProperties.getProperty(TestDataProperties.java:38)
at com.propery.TestDataProperties.getProperty(TestDataProperties.java:38)
at com.propery.TestDataProperties.getProperty(TestDataProperties.java:38)
at com.propery.TestDataProperties.getProperty(TestDataProperties.java:38)
at com.propery.TestDataProperties.getProperty(TestDataProperties.java:38)
at com.propery.TestDataProperties.getProperty(TestDataProperties.java:38)
at com.propery.TestDataProperties.getProperty(TestDataProperties.java:38)
at com.propery.TestDataProperties.getProperty(TestDataProperties.java:38)
at com.propery.TestDataProperties.getProperty(TestDataProperties.java:38)
at com.propery.TestDataProperties.getProperty(TestDataProperties.java:38)
at com.propery.TestDataProperties.getProperty(TestDataProperties.java:38)
at com.propery.TestDataProperties.getProperty(TestDataProperties.java:38)
at com.propery.TestDataProperties.getProperty(TestDataProperties.java:38)
at com.propery.TestDataProperties.getProperty(TestDataProperties.java:38)
at com.propery.TestDataProperties.getProperty(TestDataProperties.java:38)
at com.propery.TestDataProperties.getProperty(TestDataProperties.java:38)
at com.propery.TestDataProperties.getProperty(TestDataProperties.java:38)
at com.propery.TestDataProperties.getProperty(TestDataProperties.java:38)
at com.propery.TestDataProperties.getProperty(TestDataProperties.java:38)
at com.propery.TestDataProperties.getProperty(TestDataProperties.java:38)
at com.propery.TestDataProperties.getProperty(TestDataProperties.java:38)
at com.propery.TestDataProperties.getProperty(TestDataProperties.java:38)
at com.propery.TestDataProperties.getProperty(TestDataProperties.java:38)
at com.propery.TestDataProperties.getProperty(TestDataProperties.java:38)
at com.propery.TestDataProperties.getProperty(TestDataProperties.java:38)
at com.propery.TestDataProperties.getProperty(TestDataProperties.java:38)
at com.propery.TestDataProperties.getProperty(TestDataProperties.java:38)
at com.propery.TestDataProperties.getProperty(TestDataProperties.java:38)
at com.propery.TestDataProperties.getProperty(TestDataProperties.java:38)
at com.propery.TestDataProperties.getProperty(TestDataProperties.java:38)
at com.propery.TestDataProperties.getProperty(TestDataProperties.java:38)
at com.propery.TestDataProperties.getProperty(TestDataProperties.java:38)
at com.propery.TestDataProperties.getProperty(TestDataProperties.java:38)
at com.propery.TestDataProperties.getProperty(TestDataProperties.java:38)
at com.propery.TestDataProperties.getProperty(TestDataProperties.java:38)
at com.propery.TestDataProperties.getProperty(TestDataProperties.java:38)
at com.propery.TestDataProperties.getProperty(TestDataProperties.java:38)
at com.propery.TestDataProperties.getProperty(TestDataProperties.java:38)
at com.propery.TestDataProperties.getProperty(TestDataProperties.java:38)
at com.propery.TestDataProperties.getProperty(TestDataProperties.java:38)
at com.propery.TestDataProperties.getProperty(TestDataProperties.java:38)
at com.propery.TestDataProperties.getProperty(TestDataProperties.java:38)
at com.propery.TestDataProperties.getProperty(TestDataProperties.java:38)
at com.propery.TestDataProperties.getProperty(TestDataProperties.java:38)
at com.propery.TestDataProperties.getProperty(TestDataProperties.java:38)
at com.propery.TestDataProperties.getProperty(TestDataProperties.java:38)
at com.propery.TestDataProperties.getProperty(TestDataProperties.java:38)
at com.propery.TestDataProperties.getProperty(TestDataProperties.java:38)
at com.propery.TestDataProperties.getProperty(TestDataProperties.java:38)
at com.propery.TestDataProperties.getProperty(TestDataProperties.java:38)
at com.propery.TestDataProperties.getProperty(TestDataProperties.java:38)
at com.propery.TestDataProperties.getProperty(TestDataProperties.java:38)
at com.propery.TestDataProperties.getProperty(TestDataProperties.java:38)
at com.propery.TestDataProperties.getProperty(TestDataProperties.java:38)
at com.propery.TestDataProperties.getProperty(TestDataProperties.java:38)
at com.propery.TestDataProperties.getProperty(TestDataProperties.java:38)
at com.propery.TestDataProperties.getProperty(TestDataProperties.java:38)
at com.propery.TestDataProperties.getProperty(TestDataProperties.java:38)
at com.propery.TestDataProperties.getProperty(TestDataProperties.java:38)
at com.propery.TestDataProperties.getProperty(TestDataProperties.java:38)
at com.propery.TestDataProperties.getProperty(TestDataProperties.java:38)
at com.propery.TestDataProperties.getProperty(TestDataProperties.java:38)
at com.propery.TestDataProperties.getProperty(TestDataProperties.java:38)
at com.propery.TestDataProperties.getProperty(TestDataProperties.java:38)
at com.propery.TestDataProperties.getProperty(TestDataProperties.java:38)
at com.propery.TestDataProperties.getProperty(TestDataProperties.java:38)
at com.propery.TestDataProperties.getProperty(TestDataProperties.java:38)
at com.propery.TestDataProperties.getProperty(TestDataProperties.java:38)
at com.propery.TestDataProperties.getProperty(TestDataProperties.java:38)
at com.propery.TestDataProperties.getProperty(TestDataProperties.java:38)
at com.propery.TestDataProperties.getProperty(TestDataProperties.java:38)
at com.propery.TestDataProperties.getProperty(TestDataProperties.java:38)
at com.propery.TestDataProperties.getProperty(TestDataProperties.java:38)
at com.propery.TestDataProperties.getProperty(TestDataProperties.java:38)
at com.propery.TestDataProperties.getProperty(TestDataProperties.java:38)
at com.propery.TestDataProperties.getProperty(TestDataProperties.java:38)
at com.propery.TestDataProperties.getProperty(TestDataProperties.java:38)
at com.propery.TestDataProperties.getProperty(TestDataProperties.java:38)
at com.propery.TestDataProperties.getProperty(TestDataProperties.java:38)
at com.propery.TestDataProperties.getProperty(TestDataProperties.java:38)
at com.propery.TestDataProperties.getProperty(TestDataProperties.java:38)
at com.propery.TestDataProperties.getProperty(TestDataProperties.java:38)
at com.propery.TestDataProperties.getProperty(TestDataProperties.java:38)
at com.propery.TestDataProperties.getProperty(TestDataProperties.java:38)
at com.propery.TestDataProperties.getProperty(TestDataProperties.java:38)
at com.propery.TestDataProperties.getProperty(TestDataProperties.java:38)
at com.propery.TestDataProperties.getProperty(TestDataProperties.java:38)
at com.propery.TestDataProperties.getProperty(TestDataProperties.java:38)
at com.propery.TestDataProperties.getProperty(TestDataProperties.java:38)
at com.propery.TestDataProperties.getProperty(TestDataProperties.java:38)
at com.propery.TestDataProperties.getProperty(TestDataProperties.java:38)
at com.propery.TestDataProperties.getProperty(TestDataProperties.java:38)
at com.propery.TestDataProperties.getProperty(TestDataProperties.java:38)
at com.propery.TestDataProperties.getProperty(TestDataProperties.java:38)
at com.propery.TestDataProperties.getProperty(TestDataProperties.java:38)
at com.propery.TestDataProperties.getProperty(TestDataProperties.java:38)
at com.propery.TestDataProperties.getProperty(TestDataProperties.java:38)
at com.propery.TestDataProperties.getProperty(TestDataProperties.java:38)
at com.propery.TestDataProperties.getProperty(TestDataProperties.java:38)
at com.propery.TestDataProperties.getProperty(TestDataProperties.java:38)
at com.propery.TestDataProperties.getProperty(TestDataProperties.java:38)
at com.propery.TestDataProperties.getProperty(TestDataProperties.java:38)
at com.propery.TestDataProperties.getProperty(TestDataProperties.java:38)
at com.propery.TestDataProperties.getProperty(TestDataProperties.java:38)
at com.propery.TestDataProperties.getProperty(TestDataProperties.java:38)
at com.propery.TestDataProperties.getProperty(TestDataProperties.java:38)
at com.propery.TestDataProperties.getProperty(TestDataProperties.java:38)
at com.propery.TestDataProperties.getProperty(TestDataProperties.java:38)
at com.propery.TestDataProperties.getProperty(TestDataProperties.java:38)
at com.propery.TestDataProperties.getProperty(TestDataProperties.java:38)
at com.propery.TestDataProperties.getProperty(TestDataProperties.java:38)
at com.propery.TestDataProperties.getProperty(TestDataProperties.java:38)
at com.propery.TestDataProperties.getProperty(TestDataProperties.java:38)
at com.propery.TestDataProperties.getProperty(TestDataProperties.java:38)
at com.propery.TestDataProperties.getProperty(TestDataProperties.java:38)
at com.propery.TestDataProperties.getProperty(TestDataProperties.java:38)
at com.propery.TestDataProperties.getProperty(TestDataProperties.java:38)
at com.propery.TestDataProperties.getProperty(TestDataProperties.java:38)
at com.propery.TestDataProperties.getProperty(TestDataProperties.java:38)
at com.propery.TestDataProperties.getProperty(TestDataProperties.java:38)
at com.propery.TestDataProperties.getProperty(TestDataProperties.java:38)
at com.propery.TestDataProperties.getProperty(TestDataProperties.java:38)
at com.propery.TestDataProperties.getProperty(TestDataProperties.java:38)
at com.propery.TestDataProperties.getProperty(TestDataProperties.java:38)
at com.propery.TestDataProperties.getProperty(TestDataProperties.java:38)
at com.propery.TestDataProperties.getProperty(TestDataProperties.java:38)
at com.propery.TestDataProperties.getProperty(TestDataProperties.java:38)
at com.propery.TestDataProperties.getProperty(TestDataProperties.java:38)
at com.propery.TestDataProperties.getProperty(TestDataProperties.java:38)
at com.propery.TestDataProperties.getProperty(TestDataProperties.java:38)
at com.propery.TestDataProperties.getProperty(TestDataProperties.java:38)
at com.propery.TestDataProperties.getProperty(TestDataProperties.java:38)
at com.propery.TestDataProperties.getProperty(TestDataProperties.java:38)
at com.propery.TestDataProperties.getProperty(TestDataProperties.java:38)
at com.propery.TestDataProperties.getProperty(TestDataProperties.java:38)
at com.propery.TestDataProperties.getProperty(TestDataProperties.java:38)
at com.propery.TestDataProperties.getProperty(TestDataProperties.java:38)
at com.propery.TestDataProperties.getProperty(TestDataProperties.java:38)
at com.propery.TestDataProperties.getProperty(TestDataProperties.java:38)
at com.propery.TestDataProperties.getProperty(TestDataProperties.java:38)
at com.propery.TestDataProperties.getProperty(TestDataProperties.java:38)
at com.propery.TestDataProperties.getProperty(TestDataProperties.java:38)
at com.propery.TestDataProperties.getProperty(TestDataProperties.java:38)
at com.propery.TestDataProperties.getProperty(TestDataProperties.java:38)
at com.propery.TestDataProperties.getProperty(TestDataProperties.java:38)
at com.propery.TestDataProperties.getProperty(TestDataProperties.java:38)
at com.propery.TestDataProperties.getProperty(TestDataProperties.java:38)
at com.propery.TestDataProperties.getProperty(TestDataProperties.java:38)
at com.propery.TestDataProperties.getProperty(TestDataProperties.java:38)
at com.propery.TestDataProperties.getProperty(TestDataProperties.java:38)
at com.propery.TestDataProperties.getProperty(TestDataProperties.java:38)
at com.propery.TestDataProperties.getProperty(TestDataProperties.java:38)
at com.propery.TestDataProperties.getProperty(TestDataProperties.java:38)
at com.propery.TestDataProperties.getProperty(TestDataProperties.java:38)
at com.propery.TestDataProperties.getProperty(TestDataProperties.java:38)
at com.propery.TestDataProperties.getProperty(TestDataProperties.java:38)
at com.propery.TestDataProperties.getProperty(TestDataProperties.java:38)
at com.propery.TestDataProperties.getProperty(TestDataProperties.java:38)
at com.propery.TestDataProperties.getProperty(TestDataProperties.java:38)
at com.propery.TestDataProperties.getProperty(TestDataProperties.java:38)
at com.propery.TestDataProperties.getProperty(TestDataProperties.java:38)
at com.propery.TestDataProperties.getProperty(TestDataProperties.java:38)
at com.propery.TestDataProperties.getProperty(TestDataProperties.java:38)
at com.propery.TestDataProperties.getProperty(TestDataProperties.java:38)
at com.propery.TestDataProperties.getProperty(TestDataProperties.java:38)
at com.propery.TestDataProperties.getProperty(TestDataProperties.java:38)
at com.propery.TestDataProperties.getProperty(TestDataProperties.java:38)
at com.propery.TestDataProperties.getProperty(TestDataProperties.java:38)
at com.propery.TestDataProperties.getProperty(TestDataProperties.java:38)
at com.propery.TestDataProperties.getProperty(TestDataProperties.java:38)
at com.propery.TestDataProperties.getProperty(TestDataProperties.java:38)
at com.propery.TestDataProperties.getProperty(TestDataProperties.java:38)
at com.propery.TestDataProperties.getProperty(TestDataProperties.java:38)
at com.propery.TestDataProperties.getProperty(TestDataProperties.java:38)
at com.propery.TestDataProperties.getProperty(TestDataProperties.java:38)
at com.propery.TestDataProperties.getProperty(TestDataProperties.java:38)
at com.propery.TestDataProperties.getProperty(TestDataProperties.java:38)
at com.propery.TestDataProperties.getProperty(TestDataProperties.java:38)
at com.propery.TestDataProperties.getProperty(TestDataProperties.java:38)
at com.propery.TestDataProperties.getProperty(TestDataProperties.java:38)
at com.propery.TestDataProperties.getProperty(TestDataProperties.java:38)
at com.propery.TestDataProperties.getProperty(TestDataProperties.java:38)
at com.propery.TestDataProperties.getProperty(TestDataProperties.java:38)
at com.propery.TestDataProperties.getProperty(TestDataProperties.java:38)
at com.propery.TestDataProperties.getProperty(TestDataProperties.java:38)
at com.propery.TestDataProperties.getProperty(TestDataProperties.java:38)
at com.propery.TestDataProperties.getProperty(TestDataProperties.java:38)
at com.propery.TestDataProperties.getProperty(TestDataProperties.java:38)
at com.propery.TestDataProperties.getProperty(TestDataProperties.java:38)
at com.propery.TestDataProperties.getProperty(TestDataProperties.java:38)
at com.propery.TestDataProperties.getProperty(TestDataProperties.java:38)
at com.propery.TestDataProperties.getProperty(TestDataProperties.java:38)
at com.propery.TestDataProperties.getProperty(TestDataProperties.java:38)
at com.propery.TestDataProperties.getProperty(TestDataProperties.java:38)
at com.propery.TestDataProperties.getProperty(TestDataProperties.java:38)
at com.propery.TestDataProperties.getProperty(TestDataProperties.java:38)
at com.propery.TestDataProperties.getProperty(TestDataProperties.java:38)
at com.propery.TestDataProperties.getProperty(TestDataProperties.java:38)
at com.propery.TestDataProperties.getProperty(TestDataProperties.java:38)
at com.propery.TestDataProperties.getProperty(TestDataProperties.java:38)
at com.propery.TestDataProperties.getProperty(TestDataProperties.java:38)
at com.propery.TestDataProperties.getProperty(TestDataProperties.java:38)
at com.propery.TestDataProperties.getProperty(TestDataProperties.java:38)
at com.propery.TestDataProperties.getProperty(TestDataProperties.java:38)
at com.propery.TestDataProperties.getProperty(TestDataProperties.java:38)
at com.propery.TestDataProperties.getProperty(TestDataProperties.java:38)
at com.propery.TestDataProperties.getProperty(TestDataProperties.java:38)
at com.propery.TestDataProperties.getProperty(TestDataProperties.java:38)
at com.propery.TestDataProperties.getProperty(TestDataProperties.java:38)
at com.propery.TestDataProperties.getProperty(TestDataProperties.java:38)
at com.propery.TestDataProperties.getProperty(TestDataProperties.java:38)
at com.propery.TestDataProperties.getProperty(TestDataProperties.java:38)
at com.propery.TestDataProperties.getProperty(TestDataProperties.java:38)
at com.propery.TestDataProperties.getProperty(TestDataProperties.java:38)
at com.propery.TestDataProperties.getProperty(TestDataProperties.java:38)
at com.propery.TestDataProperties.getProperty(TestDataProperties.java:38)
at com.propery.TestDataProperties.getProperty(TestDataProperties.java:38)
at com.propery.TestDataProperties.getProperty(TestDataProperties.java:38)
at com.propery.TestDataProperties.getProperty(TestDataProperties.java:38)
at com.propery.TestDataProperties.getProperty(TestDataProperties.java:38)
at com.propery.TestDataProperties.getProperty(TestDataProperties.java:38)
at com.propery.TestDataProperties.getProperty(TestDataProperties.java:38)
at com.propery.TestDataProperties.getProperty(TestDataProperties.java:38)
at com.propery.TestDataProperties.getProperty(TestDataProperties.java:38)
at com.propery.TestDataProperties.getProperty(TestDataProperties.java:38)
at com.propery.TestDataProperties.getProperty(TestDataProperties.java:38)
at com.propery.TestDataProperties.getProperty(TestDataProperties.java:38)
at com.propery.TestDataProperties.getProperty(TestDataProperties.java:38)
at com.propery.TestDataProperties.getProperty(TestDataProperties.java:38)
at com.propery.TestDataProperties.getProperty(TestDataProperties.java:38)
at com.propery.TestDataProperties.getProperty(TestDataProperties.java:38)
at com.propery.TestDataProperties.getProperty(TestDataProperties.java:38)
at com.propery.TestDataProperties.getProperty(TestDataProperties.java:38)
at com.propery.TestDataProperties.getProperty(TestDataProperties.java:38)
at com.propery.TestDataProperties.getProperty(TestDataProperties.java:38)
at com.propery.TestDataProperties.getProperty(TestDataProperties.java:38)
at com.propery.TestDataProperties.getProperty(TestDataProperties.java:38)
at com.propery.TestDataProperties.getProperty(TestDataProperties.java:38)
at com.propery.TestDataProperties.getProperty(TestDataProperties.java:38)
at com.propery.TestDataProperties.getProperty(TestDataProperties.java:38)
at com.propery.TestDataProperties.getProperty(TestDataProperties.java:38)
at com.propery.TestDataProperties.getProperty(TestDataProperties.java:38)
at com.propery.TestDataProperties.getProperty(TestDataProperties.java:38)
at com.propery.TestDataProperties.getProperty(TestDataProperties.java:38)
at com.propery.TestDataProperties.getProperty(TestDataProperties.java:38)
at com.propery.TestDataProperties.getProperty(TestDataProperties.java:38)
at com.propery.TestDataProperties.getProperty(TestDataProperties.java:38)
at com.propery.TestDataProperties.getProperty(TestDataProperties.java:38)
at com.propery.TestDataProperties.getProperty(TestDataProperties.java:38)
at com.propery.TestDataProperties.getProperty(TestDataProperties.java:38)
at com.propery.TestDataProperties.getProperty(TestDataProperties.java:38)
at com.propery.TestDataProperties.getProperty(TestDataProperties.java:38)
at com.propery.TestDataProperties.getProperty(TestDataProperties.java:38)
at com.propery.TestDataProperties.getProperty(TestDataProperties.java:38)
at com.propery.TestDataProperties.getProperty(TestDataProperties.java:38)
at com.propery.TestDataProperties.getProperty(TestDataProperties.java:38)
at com.propery.TestDataProperties.getProperty(TestDataProperties.java:38)
at com.propery.TestDataProperties.getProperty(TestDataProperties.java:38)
at com.propery.TestDataProperties.getProperty(TestDataProperties.java:38)
at com.propery.TestDataProperties.getProperty(TestDataProperties.java:38)
at com.propery.TestDataProperties.getProperty(TestDataProperties.java:38)
at com.propery.TestDataProperties.getProperty(TestDataProperties.java:38)
at com.propery.TestDataProperties.getProperty(TestDataProperties.java:38)
at com.propery.TestDataProperties.getProperty(TestDataProperties.java:38)
at com.propery.TestDataProperties.getProperty(TestDataProperties.java:38)
at com.propery.TestDataProperties.getProperty(TestDataProperties.java:38)
at com.propery.TestDataProperties.getProperty(TestDataProperties.java:38)
at com.propery.TestDataProperties.getProperty(TestDataProperties.java:38)
at com.propery.TestDataProperties.getProperty(TestDataProperties.java:38)
at com.propery.TestDataProperties.getProperty(TestDataProperties.java:38)
at com.propery.TestDataProperties.getProperty(TestDataProperties.java:38)
at com.propery.TestDataProperties.getProperty(TestDataProperties.java:38)
at com.propery.TestDataProperties.getProperty(TestDataProperties.java:38)
at com.propery.TestDataProperties.getProperty(TestDataProperties.java:38)
at com.propery.TestDataProperties.getProperty(TestDataProperties.java:38)
at com.propery.TestDataProperties.getProperty(TestDataProperties.java:38)
at com.propery.TestDataProperties.getProperty(TestDataProperties.java:38)
at com.propery.TestDataProperties.getProperty(TestDataProperties.java:38)
at com.propery.TestDataProperties.getProperty(TestDataProperties.java:38)
at com.propery.TestDataProperties.getProperty(TestDataProperties.java:38)
at com.propery.TestDataProperties.getProperty(TestDataProperties.java:38)
at com.propery.TestDataProperties.getProperty(TestDataProperties.java:38)
at com.propery.TestDataProperties.getProperty(TestDataProperties.java:38)
at com.propery.TestDataProperties.getProperty(TestDataProperties.java:38)
at com.propery.TestDataProperties.getProperty(TestDataProperties.java:38)
at com.propery.TestDataProperties.getProperty(TestDataProperties.java:38)
at com.propery.TestDataProperties.getProperty(TestDataProperties.java:38)
at com.propery.TestDataProperties.getProperty(TestDataProperties.java:38)
at com.propery.TestDataProperties.getProperty(TestDataProperties.java:38)
at com.propery.TestDataProperties.getProperty(TestDataProperties.java:38)
at com.propery.TestDataProperties.getProperty(TestDataProperties.java:38)
at com.propery.TestDataProperties.getProperty(TestDataProperties.java:38)
at com.propery.TestDataProperties.getProperty(TestDataProperties.java:38)
at com.propery.TestDataProperties.getProperty(TestDataProperties.java:38)
at com.propery.TestDataProperties.getProperty(TestDataProperties.java:38)
at com.propery.TestDataProperties.getProperty(TestDataProperties.java:38)
at com.propery.TestDataProperties.getProperty(TestDataProperties.java:38)
at com.propery.TestDataProperties.getProperty(TestDataProperties.java:38)
at com.propery.TestDataProperties.getProperty(TestDataProperties.java:38)
at com.propery.TestDataProperties.getProperty(TestDataProperties.java:38)
at com.propery.TestDataProperties.getProperty(TestDataProperties.java:38)
at com.propery.TestDataProperties.getProperty(TestDataProperties.java:38)
at com.propery.TestDataProperties.getProperty(TestDataProperties.java:38)
at com.propery.TestDataProperties.getProperty(TestDataProperties.java:38)
at com.propery.TestDataProperties.getProperty(TestDataProperties.java:38)
at com.propery.TestDataProperties.getProperty(TestDataProperties.java:38)
at com.propery.TestDataProperties.getProperty(TestDataProperties.java:38)
at com.propery.TestDataProperties.getProperty(TestDataProperties.java:38)
at com.propery.TestDataProperties.getProperty(TestDataProperties.java:38)
at com.propery.TestDataProperties.getProperty(TestDataProperties.java:38)
at com.propery.TestDataProperties.getProperty(TestDataProperties.java:38)
at com.propery.TestDataProperties.getProperty(TestDataProperties.java:38)
at com.propery.TestDataProperties.getProperty(TestDataProperties.java:38)
at com.propery.TestDataProperties.getProperty(TestDataProperties.java:38)
at com.propery.TestDataProperties.getProperty(TestDataProperties.java:38)
at com.propery.TestDataProperties.getProperty(TestDataProperties.java:38)
at com.propery.TestDataProperties.getProperty(TestDataProperties.java:38)
at com.propery.TestDataProperties.getProperty(TestDataProperties.java:38)
at com.propery.TestDataProperties.getProperty(TestDataProperties.java:38)
at com.propery.TestDataProperties.getProperty(TestDataProperties.java:38)
at com.propery.TestDataProperties.getProperty(TestDataProperties.java:38)
at com.propery.TestDataProperties.getProperty(TestDataProperties.java:38)
at com.propery.TestDataProperties.getProperty(TestDataProperties.java:38)
at com.propery.TestDataProperties.getProperty(TestDataProperties.java:38)
at com.propery.TestDataProperties.getProperty(TestDataProperties.java:38)
at com.propery.TestDataProperties.getProperty(TestDataProperties.java:38)
at com.propery.TestDataProperties.getProperty(TestDataProperties.java:38)
at com.propery.TestDataProperties.getProperty(TestDataProperties.java:38)
at com.propery.TestDataProperties.getProperty(TestDataProperties.java:38)
at com.propery.TestDataProperties.getProperty(TestDataProperties.java:38)
at com.propery.TestDataProperties.getProperty(TestDataProperties.java:38)
at com.propery.TestDataProperties.getProperty(TestDataProperties.java:38)
at com.propery.TestDataProperties.getProperty(TestDataProperties.java:38)
at com.propery.TestDataProperties.getProperty(TestDataProperties.java:38)
at com.propery.TestDataProperties.getProperty(TestDataProperties.java:38)
at com.propery.TestDataProperties.getProperty(TestDataProperties.java:38)
at com.propery.TestDataProperties.getProperty(TestDataProperties.java:38)
at com.propery.TestDataProperties.getProperty(TestDataProperties.java:38)
at com.propery.TestDataProperties.getProperty(TestDataProperties.java:38)
at com.propery.TestDataProperties.getProperty(TestDataProperties.java:38)
at com.propery.TestDataProperties.getProperty(TestDataProperties.java:38)
at com.propery.TestDataProperties.getProperty(TestDataProperties.java:38)
at com.propery.TestDataProperties.getProperty(TestDataProperties.java:38)
at com.propery.TestDataProperties.getProperty(TestDataProperties.java:38)
at com.propery.TestDataProperties.getProperty(TestDataProperties.java:38)
at com.propery.TestDataProperties.getProperty(TestDataProperties.java:38)
at com.propery.TestDataProperties.getProperty(TestDataProperties.java:38)
at com.propery.TestDataProperties.getProperty(TestDataProperties.java:38)
at com.propery.TestDataProperties.getProperty(TestDataProperties.java:38)
at com.propery.TestDataProperties.getProperty(TestDataProperties.java:38)
at com.propery.TestDataProperties.getProperty(TestDataProperties.java:38)
at com.propery.TestDataProperties.getProperty(TestDataProperties.java:38)
at com.propery.TestDataProperties.getProperty(TestDataProperties.java:38)
at com.propery.TestDataProperties.getProperty(TestDataProperties.java:38)
at com.propery.TestDataProperties.getProperty(TestDataProperties.java:38)
at com.propery.TestDataProperties.getProperty(TestDataProperties.java:38)
at com.propery.TestDataProperties.getProperty(TestDataProperties.java:38)
at com.propery.TestDataProperties.getProperty(TestDataProperties.java:38)
at com.propery.TestDataProperties.getProperty(TestDataProperties.java:38)
at com.propery.TestDataProperties.getProperty(TestDataProperties.java:38)
at com.propery.TestDataProperties.getProperty(TestDataProperties.java:38)
at com.propery.TestDataProperties.getProperty(TestDataProperties.java:38)
at com.propery.TestDataProperties.getProperty(TestDataProperties.java:38)
at com.propery.TestDataProperties.getProperty(TestDataProperties.java:38)
at com.propery.TestDataProperties.getProperty(TestDataProperties.java:38)
at com.propery.TestDataProperties.getProperty(TestDataProperties.java:38)
at com.propery.TestDataProperties.getProperty(TestDataProperties.java:38)
at com.propery.TestDataProperties.getProperty(TestDataProperties.java:38)
at com.propery.TestDataProperties.getProperty(TestDataProperties.java:38)
at com.propery.TestDataProperties.getProperty(TestDataProperties.java:38)
at com.propery.TestDataProperties.getProperty(TestDataProperties.java:38)
at com.propery.TestDataProperties.getProperty(TestDataProperties.java:38)
at com.propery.TestDataProperties.getProperty(TestDataProperties.java:38)
at com.propery.TestDataProperties.getProperty(TestDataProperties.java:38)
at com.propery.TestDataProperties.getProperty(TestDataProperties.java:38)
at com.propery.TestDataProperties.getProperty(TestDataProperties.java:38)
at com.propery.TestDataProperties.getProperty(TestDataProperties.java:38)
at com.propery.TestDataProperties.getProperty(TestDataProperties.java:38)
at com.propery.TestDataProperties.getProperty(TestDataProperties.java:38)
at com.propery.TestDataProperties.getProperty(TestDataProperties.java:38)
at com.propery.TestDataProperties.getProperty(TestDataProperties.java:38)
at com.propery.TestDataProperties.getProperty(TestDataProperties.java:38)
at com.propery.TestDataProperties.getProperty(TestDataProperties.java:38)
at com.propery.TestDataProperties.getProperty(TestDataProperties.java:38)
at com.propery.TestDataProperties.getProperty(TestDataProperties.java:38)
at com.propery.TestDataProperties.getProperty(TestDataProperties.java:38)
at com.propery.TestDataProperties.getProperty(TestDataProperties.java:38)
at com.propery.TestDataProperties.getProperty(TestDataProperties.java:38)
at com.propery.TestDataProperties.getProperty(TestDataProperties.java:38)
at com.propery.TestDataProperties.getProperty(TestDataProperties.java:38)
at com.propery.TestDataProperties.getProperty(TestDataProperties.java:38)
at com.propery.TestDataProperties.getProperty(TestDataProperties.java:38)
at com.propery.TestDataProperties.getProperty(TestDataProperties.java:38)
at com.propery.TestDataProperties.getProperty(TestDataProperties.java:38)
at com.propery.TestDataProperties.getProperty(TestDataProperties.java:38)
at com.propery.TestDataProperties.getProperty(TestDataProperties.java:38)
at com.propery.TestDataProperties.getProperty(TestDataProperties.java:38)
at com.propery.TestDataProperties.getProperty(TestDataProperties.java:38)
at com.propery.TestDataProperties.getProperty(TestDataProperties.java:38)
at com.propery.TestDataProperties.getProperty(TestDataProperties.java:38)
at com.propery.TestDataProperties.getProperty(TestDataProperties.java:38)
at com.propery.TestDataProperties.getProperty(TestDataProperties.java:38)
at com.propery.TestDataProperties.getProperty(TestDataProperties.java:38)
at com.propery.TestDataProperties.getProperty(TestDataProperties.java:38)
at com.propery.TestDataProperties.getProperty(TestDataProperties.java:38)
at com.propery.TestDataProperties.getProperty(TestDataProperties.java:38)
at com.propery.TestDataProperties.getProperty(TestDataProperties.java:38)
at com.propery.TestDataProperties.getProperty(TestDataProperties.java:38)
at com.propery.TestDataProperties.getProperty(TestDataProperties.java:38)
at com.propery.TestDataProperties.getProperty(TestDataProperties.java:38)
at com.propery.TestDataProperties.getProperty(TestDataProperties.java:38)
at com.propery.TestDataProperties.getProperty(TestDataProperties.java:38)
at com.propery.TestDataProperties.getProperty(TestDataProperties.java:38)
at com.propery.TestDataProperties.getProperty(TestDataProperties.java:38)
at com.propery.TestDataProperties.getProperty(TestDataProperties.java:38)
at com.propery.TestDataProperties.getProperty(TestDataProperties.java:38)
at com.propery.TestDataProperties.getProperty(TestDataProperties.java:38)
at com.propery.TestDataProperties.getProperty(TestDataProperties.java:38)
at com.propery.TestDataProperties.getProperty(TestDataProperties.java:38)
at com.propery.TestDataProperties.getProperty(TestDataProperties.java:38)
at com.propery.TestDataProperties.getProperty(TestDataProperties.java:38)
at com.propery.TestDataProperties.getProperty(TestDataProperties.java:38)
at com.propery.TestDataProperties.getProperty(TestDataProperties.java:38)
at com.propery.TestDataProperties.getProperty(TestDataProperties.java:38)
at com.propery.TestDataProperties.getProperty(TestDataProperties.java:38)
at com.propery.TestDataProperties.getProperty(TestDataProperties.java:38)
at com.propery.TestDataProperties.getProperty(TestDataProperties.java:38)
at com.propery.TestDataProperties.getProperty(TestDataProperties.java:38)
at com.propery.TestDataProperties.getProperty(TestDataProperties.java:38)
at com.propery.TestDataProperties.getProperty(TestDataProperties.java:38)
at com.propery.TestDataProperties.getProperty(TestDataProperties.java:38)
at com.propery.TestDataProperties.getProperty(TestDataProperties.java:38)
at com.propery.TestDataProperties.getProperty(TestDataProperties.java:38)
at com.propery.TestDataProperties.getProperty(TestDataProperties.java:38)
at com.propery.TestDataProperties.getProperty(TestDataProperties.java:38)
at com.propery.TestDataProperties.getProperty(TestDataProperties.java:38)
at com.propery.TestDataProperties.getProperty(TestDataProperties.java:38)
at com.propery.TestDataProperties.getProperty(TestDataProperties.java:38)
at com.propery.TestDataProperties.getProperty(TestDataProperties.java:38)
at com.propery.TestDataProperties.getProperty(TestDataProperties.java:38)
at com.propery.TestDataProperties.getProperty(TestDataProperties.java:38)
at com.propery.TestDataProperties.getProperty(TestDataProperties.java:38)
at com.propery.TestDataProperties.getProperty(TestDataProperties.java:38)
at com.propery.TestDataProperties.getProperty(TestDataProperties.java:38)
at com.propery.TestDataProperties.getProperty(TestDataProperties.java:38)
at com.propery.TestDataProperties.getProperty(TestDataProperties.java:38)
at com.propery.TestDataProperties.getProperty(TestDataProperties.java:38)
at com.propery.TestDataProperties.getProperty(TestDataProperties.java:38)
at com.propery.TestDataProperties.getProperty(TestDataProperties.java:38)
at com.propery.TestDataProperties.getProperty(TestDataProperties.java:38)
at com.propery.TestDataProperties.getProperty(TestDataProperties.java:38)
at com.propery.TestDataProperties.getProperty(TestDataProperties.java:38)
at com.propery.TestDataProperties.getProperty(TestDataProperties.java:38)
at com.propery.TestDataProperties.getProperty(TestDataProperties.java:38)
at com.propery.TestDataProperties.getProperty(TestDataProperties.java:38)
at com.propery.TestDataProperties.getProperty(TestDataProperties.java:38)
at com.propery.TestDataProperties.getProperty(TestDataProperties.java:38)
at com.propery.TestDataProperties.getProperty(TestDataProperties.java:38)
at com.propery.TestDataProperties.getProperty(TestDataProperties.java:38)
at com.propery.TestDataProperties.getProperty(TestDataProperties.java:38)
at com.propery.TestDataProperties.getProperty(TestDataProperties.java:38)
at com.propery.TestDataProperties.getProperty(TestDataProperties.java:38)
at com.propery.TestDataProperties.getProperty(TestDataProperties.java:38)
at com.propery.TestDataProperties.getProperty(TestDataProperties.java:38)
at com.propery.TestDataProperties.getProperty(TestDataProperties.java:38)
at com.propery.TestDataProperties.getProperty(TestDataProperties.java:38)
at com.propery.TestDataProperties.getProperty(TestDataProperties.java:38)
at com.propery.TestDataProperties.getProperty(TestDataProperties.java:38)
at com.propery.TestDataProperties.getProperty(TestDataProperties.java:38)
at com.propery.TestDataProperties.getProperty(TestDataProperties.java:38)
at com.propery.TestDataProperties.getProperty(TestDataProperties.java:38)
at com.propery.TestDataProperties.getProperty(TestDataProperties.java:38)
at com.propery.TestDataProperties.getProperty(TestDataProperties.java:38)
at com.propery.TestDataProperties.getProperty(TestDataProperties.java:38)
at com.propery.TestDataProperties.getProperty(TestDataProperties.java:38)
at com.propery.TestDataProperties.getProperty(TestDataProperties.java:38)
at com.propery.TestDataProperties.getProperty(TestDataProperties.java:38)
at com.propery.TestDataProperties.getProperty(TestDataProperties.java:38)
at com.propery.TestDataProperties.getProperty(TestDataProperties.java:38)
at com.propery.TestDataProperties.getProperty(TestDataProperties.java:38)
at com.propery.TestDataProperties.getProperty(TestDataProperties.java:38)
at com.propery.TestDataProperties.getProperty(TestDataProperties.java:38)
at com.propery.TestDataProperties.getProperty(TestDataProperties.java:38)
at com.propery.TestDataProperties.getProperty(TestDataProperties.java:38)
at com.propery.TestDataProperties.getProperty(TestDataProperties.java:38)
at com.propery.TestDataProperties.getProperty(TestDataProperties.java:38)
at com.propery.TestDataProperties.getProperty(TestDataProperties.java:38)
at com.propery.TestDataProperties.getProperty(TestDataProperties.java:38)
at com.propery.TestDataProperties.getProperty(TestDataProperties.java:38)
at com.propery.TestDataProperties.getProperty(TestDataProperties.java:38)
at com.propery.TestDataProperties.getProperty(TestDataProperties.java:38)
at com.propery.TestDataProperties.getProperty(TestDataProperties.java:38)
at com.propery.TestDataProperties.getProperty(TestDataProperties.java:38)
at com.propery.TestDataProperties.getProperty(TestDataProperties.java:38)
at com.propery.TestDataProperties.getProperty(TestDataProperties.java:38)
at com.propery.TestDataProperties.getProperty(TestDataProperties.java:38)
at com.propery.TestDataProperties.getProperty(TestDataProperties.java:38)
at com.propery.TestDataProperties.getProperty(TestDataProperties.java:38)
at com.propery.TestDataProperties.getProperty(TestDataProperties.java:38)
at com.propery.TestDataProperties.getProperty(TestDataProperties.java:38)
at com.propery.TestDataProperties.getProperty(TestDataProperties.java:38)
at com.propery.TestDataProperties.getProperty(TestDataProperties.java:38)
at com.propery.TestDataProperties.getProperty(TestDataProperties.java:38)
at com.propery.TestDataProperties.getProperty(TestDataProperties.java:38)
at com.propery.TestDataProperties.getProperty(TestDataProperties.java:38)
at com.propery.TestDataProperties.getProperty(TestDataProperties.java:38)
at com.propery.TestDataProperties.getProperty(TestDataProperties.java:38)
at com.propery.TestDataProperties.getProperty(TestDataProperties.java:38)
at com.propery.TestDataProperties.getProperty(TestDataProperties.java:38)
at com.propery.TestDataProperties.getProperty(TestDataProperties.java:38)
at com.propery.TestDataProperties.getProperty(TestDataProperties.java:38)
at com.propery.TestDataProperties.getProperty(TestDataProperties.java:38)
at com.propery.TestDataProperties.getProperty(TestDataProperties.java:38)
at com.propery.TestDataProperties.getProperty(TestDataProperties.java:38)
at com.propery.TestDataProperties.getProperty(TestDataProperties.java:38)
at com.propery.TestDataProperties.getProperty(TestDataProperties.java:38)
at com.propery.TestDataProperties.getProperty(TestDataProperties.java:38)
at com.propery.TestDataProperties.getProperty(TestDataProperties.java:38)
at com.propery.TestDataProperties.getProperty(TestDataProperties.java:38)
at com.propery.TestDataProperties.getProperty(TestDataProperties.java:38)
at com.propery.TestDataProperties.getProperty(TestDataProperties.java:38)
at com.propery.TestDataProperties.getProperty(TestDataProperties.java:38)
at com.propery.TestDataProperties.getProperty(TestDataProperties.java:38)
at com.propery.TestDataProperties.getProperty(TestDataProperties.java:38)
at com.propery.TestDataProperties.getProperty(TestDataProperties.java:38)
at com.propery.TestDataProperties.getProperty(TestDataProperties.java:38)
at com.propery.TestDataProperties.getProperty(TestDataProperties.java:38)
at com.propery.TestDataProperties.getProperty(TestDataProperties.java:38)
at com.propery.TestDataProperties.getProperty(TestDataProperties.java:38)
at com.propery.TestDataProperties.getProperty(TestDataProperties.java:38)
at com.propery.TestDataProperties.getProperty(TestDataProperties.java:38)
at com.propery.TestDataProperties.getProperty(TestDataProperties.java:38)
at com.propery.TestDataProperties.getProperty(TestDataProperties.java:38)
at com.propery.TestDataProperties.getProperty(TestDataProperties.java:38)
at com.propery.TestDataProperties.getProperty(TestDataProperties.java:38)
at com.propery.TestDataProperties.getProperty(TestDataProperties.java:38)
at com.propery.TestDataProperties.getProperty(TestDataProperties.java:38)
at com.propery.TestDataProperties.getProperty(TestDataProperties.java:38)
at com.propery.TestDataProperties.getProperty(TestDataProperties.java:38)
at com.propery.TestDataProperties.getProperty(TestDataProperties.java:38)
at com.propery.TestDataProperties.getProperty(TestDataProperties.java:38)
at com.propery.TestDataProperties.getProperty(TestDataProperties.java:38)
at com.propery.TestDataProperties.getProperty(TestDataProperties.java:38)
at com.propery.TestDataProperties.getProperty(TestDataProperties.java:38)
at com.propery.TestDataProperties.getProperty(TestDataProperties.java:38)
at com.propery.TestDataProperties.getProperty(TestDataProperties.java:38)
at com.propery.TestDataProperties.getProperty(TestDataProperties.java:38)
at com.propery.TestDataProperties.getProperty(TestDataProperties.java:38)
at com.propery.TestDataProperties.getProperty(TestDataProperties.java:38)
at com.propery.TestDataProperties.getProperty(TestDataProperties.java:38)
at com.propery.TestDataProperties.getProperty(TestDataProperties.java:38)
at com.propery.TestDataProperties.getProperty(TestDataProperties.java:38)
at com.propery.TestDataProperties.getProperty(TestDataProperties.java:38)
at com.propery.TestDataProperties.getProperty(TestDataProperties.java:38)
at com.propery.TestDataProperties.getProperty(TestDataProperties.java:38)
at com.propery.TestDataProperties.getProperty(TestDataProperties.java:38)
at com.propery.TestDataProperties.getProperty(TestDataProperties.java:38)
at com.propery.TestDataProperties.getProperty(TestDataProperties.java:38)
at com.propery.TestDataProperties.getProperty(TestDataProperties.java:38)
at com.propery.TestDataProperties.getProperty(TestDataProperties.java:38)
at com.propery.TestDataProperties.getProperty(TestDataProperties.java:38)
at com.propery.TestDataProperties.getProperty(TestDataProperties.java:38)
at com.propery.TestDataProperties.getProperty(TestDataProperties.java:38)
at com.propery.TestDataProperties.getProperty(TestDataProperties.java:38)
at com.propery.TestDataProperties.getProperty(TestDataProperties.java:38)
at com.propery.TestDataProperties.getProperty(TestDataProperties.java:38)
at com.propery.TestDataProperties.getProperty(TestDataProperties.java:38)
at com.propery.TestDataProperties.getProperty(TestDataProperties.java:38)
at com.propery.TestDataProperties.getProperty(TestDataProperties.java:38)
at com.propery.TestDataProperties.getProperty(TestDataProperties.java:38)
at com.propery.TestDataProperties.getProperty(TestDataProperties.java:38)
at com.propery.TestDataProperties.getProperty(TestDataProperties.java:38)
at com.propery.TestDataProperties.getProperty(TestDataProperties.java:38)
at com.propery.TestDataProperties.getProperty(TestDataProperties.java:38)
at com.propery.TestDataProperties.getProperty(TestDataProperties.java:38)
at com.propery.TestDataProperties.getProperty(TestDataProperties.java:38)
at com.propery.TestDataProperties.getProperty(TestDataProperties.java:38)
at com.propery.TestDataProperties.getProperty(TestDataProperties.java:38)
at com.propery.TestDataProperties.getProperty(TestDataProperties.java:38)
at com.propery.TestDataProperties.getProperty(TestDataProperties.java:38)
at com.propery.TestDataProperties.getProperty(TestDataProperties.java:38)
at com.propery.TestDataProperties.getProperty(TestDataProperties.java:38)
at com.propery.TestDataProperties.getProperty(TestDataProperties.java:38)
at com.propery.TestDataProperties.getProperty(TestDataProperties.java:38)
at com.propery.TestDataProperties.getProperty(TestDataProperties.java:38)
at com.propery.TestDataProperties.getProperty(TestDataProperties.java:38)
at com.propery.TestDataProperties.getProperty(TestDataProperties.java:38)
at com.propery.TestDataProperties.getProperty(TestDataProperties.java:38)
at com.propery.TestDataProperties.getProperty(TestDataProperties.java:38)
at com.propery.TestDataProperties.getProperty(TestDataProperties.java:38)
at com.propery.TestDataProperties.getProperty(TestDataProperties.java:38)
at com.propery.TestDataProperties.getProperty(TestDataProperties.java:38)
at com.propery.TestDataProperties.getProperty(TestDataProperties.java:38)
at com.propery.TestDataProperties.getProperty(TestDataProperties.java:38)
at com.propery.TestDataProperties.getProperty(TestDataProperties.java:38)
at com.propery.TestDataProperties.getProperty(TestDataProperties.java:38)
at com.propery.TestDataProperties.getProperty(TestDataProperties.java:38)
at com.propery.TestDataProperties.getProperty(TestDataProperties.java:38)
at com.propery.TestDataProperties.getProperty(TestDataProperties.java:38)
at com.propery.TestDataProperties.getProperty(TestDataProperties.java:38)
at com.propery.TestDataProperties.getProperty(TestDataProperties.java:38)
at com.propery.TestDataProperties.getProperty(TestDataProperties.java:38)
at com.propery.TestDataProperties.getProperty(TestDataProperties.java:38)
at com.propery.TestDataProperties.getProperty(TestDataProperties.java:38)
at com.propery.TestDataProperties.getProperty(TestDataProperties.java:38)
at com.propery.TestDataProperties.getProperty(TestDataProperties.java:38)
at com.propery.TestDataProperties.getProperty(TestDataProperties.java:38)
at com.propery.TestDataProperties.getProperty(TestDataProperties.java:38)
at com.propery.TestDataProperties.getProperty(TestDataProperties.java:38)
at com.propery.TestDataProperties.getProperty(TestDataProperties.java:38)
at com.propery.TestDataProperties.getProperty(TestDataProperties.java:38)
at com.propery.TestDataProperties.getProperty(TestDataProperties.java:38)
at com.propery.TestDataProperties.getProperty(TestDataProperties.java:38)
at com.propery.TestDataProperties.getProperty(TestDataProperties.java:38)
at com.propery.TestDataProperties.getProperty(TestDataProperties.java:38)
at com.propery.TestDataProperties.getProperty(TestDataProperties.java:38)
at com.propery.TestDataProperties.getProperty(TestDataProperties.java:38)
at com.propery.TestDataProperties.getProperty(TestDataProperties.java:38)
at com.propery.TestDataProperties.getProperty(TestDataProperties.java:38)
at com.propery.TestDataProperties.getProperty(TestDataProperties.java:38)
at com.propery.TestDataProperties.getProperty(TestDataProperties.java:38)
at com.propery.TestDataProperties.getProperty(TestDataProperties.java:38)
at com.propery.TestDataProperties.getProperty(TestDataProperties.java:38)
at com.propery.TestDataProperties.getProperty(TestDataProperties.java:38)
at com.propery.TestDataProperties.getProperty(TestDataProperties.java:38)
at com.propery.TestDataProperties.getProperty(TestDataProperties.java:38)
at com.propery.TestDataProperties.getProperty(TestDataProperties.java:38)
at com.propery.TestDataProperties.getProperty(TestDataProperties.java:38)
at com.propery.TestDataProperties.getProperty(TestDataProperties.java:38)
at com.propery.TestDataProperties.getProperty(TestDataProperties.java:38)
at com.propery.TestDataProperties.getProperty(TestDataProperties.java:38)
at com.propery.TestDataProperties.getProperty(TestDataProperties.java:38)
at com.propery.TestDataProperties.getProperty(TestDataProperties.java:38)
at com.propery.TestDataProperties.getProperty(TestDataProperties.java:38)
at com.propery.TestDataProperties.getProperty(TestDataProperties.java:38)
at com.propery.TestDataProperties.getProperty(TestDataProperties.java:38)
at com.propery.TestDataProperties.getProperty(TestDataProperties.java:38)
at com.propery.TestDataProperties.getProperty(TestDataProperties.java:38)
at com.propery.TestDataProperties.getProperty(TestDataProperties.java:38)
at com.propery.TestDataProperties.getProperty(TestDataProperties.java:38)
at com.propery.TestDataProperties.getProperty(TestDataProperties.java:38)
at com.propery.TestDataProperties.getProperty(TestDataProperties.java:38)
at com.propery.TestDataProperties.getProperty(TestDataProperties.java:38)
at com.propery.TestDataProperties.getProperty(TestDataProperties.java:38)
at com.propery.TestDataProperties.getProperty(TestDataProperties.java:38)
at com.propery.TestDataProperties.getProperty(TestDataProperties.java:38)
at com.propery.TestDataProperties.getProperty(TestDataProperties.java:38)
at com.propery.TestDataProperties.getProperty(TestDataProperties.java:38)
at com.propery.TestDataProperties.getProperty(TestDataProperties.java:38)
at com.propery.TestDataProperties.getProperty(TestDataProperties.java:38)
at com.propery.TestDataProperties.getProperty(TestDataProperties.java:38)
at com.propery.TestDataProperties.getProperty(TestDataProperties.java:38)
at com.propery.TestDataProperties.getProperty(TestDataProperties.java:38)
at com.propery.TestDataProperties.getProperty(TestDataProperties.java:38)
at com.propery.TestDataProperties.getProperty(TestDataProperties.java:38)
at com.propery.TestDataProperties.getProperty(TestDataProperties.java:38)
at com.propery.TestDataProperties.getProperty(TestDataProperties.java:38)
at com.propery.TestDataProperties.getProperty(TestDataProperties.java:38)
at com.propery.TestDataProperties.getProperty(TestDataProperties.java:38)
at com.propery.TestDataProperties.getProperty(TestDataProperties.java:38)
at com.propery.TestDataProperties.getProperty(TestDataProperties.java:38)
at com.propery.TestDataProperties.getProperty(TestDataProperties.java:38)
at com.propery.TestDataProperties.getProperty(TestDataProperties.java:38)
at com.propery.TestDataProperties.getProperty(TestDataProperties.java:38)
at com.propery.TestDataProperties.getProperty(TestDataProperties.java:38)
at com.propery.TestDataProperties.getProperty(TestDataProperties.java:38)
at com.propery.TestDataProperties.getProperty(TestDataProperties.java:38)
at com.propery.TestDataProperties.getProperty(TestDataProperties.java:38)
at com.propery.TestDataProperties.getProperty(TestDataProperties.java:38)
at com.propery.TestDataProperties.getProperty(TestDataProperties.java:38)
at com.propery.TestDataProperties.getProperty(TestDataProperties.java:38)
at com.propery.TestDataProperties.getProperty(TestDataProperties.java:38)
at com.propery.TestDataProperties.getProperty(TestDataProperties.java:38)
at com.propery.TestDataProperties.getProperty(TestDataProperties.java:38)
at com.propery.TestDataProperties.getProperty(TestDataProperties.java:38)
at com.propery.TestDataProperties.getProperty(TestDataProperties.java:38)
at com.propery.TestDataProperties.getProperty(TestDataProperties.java:38)
at com.propery.TestDataProperties.getProperty(TestDataProperties.java:38)
at com.propery.TestDataProperties.getProperty(TestDataProperties.java:38)
at com.propery.TestDataProperties.getProperty(TestDataProperties.java:38)
at com.propery.TestDataProperties.getProperty(TestDataProperties.java:38)
at com.propery.TestDataProperties.getProperty(TestDataProperties.java:38)
at com.propery.TestDataProperties.getProperty(TestDataProperties.java:38)
at com.propery.TestDataProperties.getProperty(TestDataProperties.java:38)
at com.propery.TestDataProperties.getProperty(TestDataProperties.java:38)
at com.propery.TestDataProperties.getProperty(TestDataProperties.java:38)
at com.propery.TestDataProperties.getProperty(TestDataProperties.java:38)
at com.propery.TestDataProperties.getProperty(TestDataProperties.java:38)
at com.propery.TestDataProperties.getProperty(TestDataProperties.java:38)
at com.propery.TestDataProperties.getProperty(TestDataProperties.java:38)
at com.propery.TestDataProperties.getProperty(TestDataProperties.java:38)
at com.propery.TestDataProperties.getProperty(TestDataProperties.java:38)
at com.propery.TestDataProperties.getProperty(TestDataProperties.java:38)
at com.propery.TestDataProperties.getProperty(TestDataProperties.java:38)
at com.propery.TestDataProperties.getProperty(TestDataProperties.java:38)
at com.propery.TestDataProperties.getProperty(TestDataProperties.java:38)
at com.propery.TestDataProperties.getProperty(TestDataProperties.java:38)
at com.propery.TestDataProperties.getProperty(TestDataProperties.java:38)
at com.propery.TestDataProperties.getProperty(TestDataProperties.java:38)
at com.propery.TestDataProperties.getProperty(TestDataProperties.java:38)
at com.propery.TestDataProperties.getProperty(TestDataProperties.java:38)
at com.propery.TestDataProperties.getProperty(TestDataProperties.java:38)
at com.propery.TestDataProperties.getProperty(TestDataProperties.java:38)
at com.propery.TestDataProperties.getProperty(TestDataProperties.java:38)
at com.propery.TestDataProperties.getProperty(TestDataProperties.java:38)
at com.propery.TestDataProperties.getProperty(TestDataProperties.java:38)
at com.propery.TestDataProperties.getProperty(TestDataProperties.java:38)
at com.propery.TestDataProperties.getProperty(TestDataProperties.java:38)
at com.propery.TestDataProperties.getProperty(TestDataProperties.java:38)
at com.propery.TestDataProperties.getProperty(TestDataProperties.java:38)
at com.propery.TestDataProperties.getProperty(TestDataProperties.java:38)
at com.propery.TestDataProperties.getProperty(TestDataProperties.java:38)
at com.propery.TestDataProperties.getProperty(TestDataProperties.java:38)
at com.propery.TestDataProperties.getProperty(TestDataProperties.java:38)
at com.propery.TestDataProperties.getProperty(TestDataProperties.java:38)
at com.propery.TestDataProperties.getProperty(TestDataProperties.java:38)
at com.propery.TestDataProperties.getProperty(TestDataProperties.java:38)
at com.propery.TestDataProperties.getProperty(TestDataProperties.java:38)
at com.propery.TestDataProperties.getProperty(TestDataProperties.java:38)
at com.propery.TestDataProperties.getProperty(TestDataProperties.java:38)
at com.propery.TestDataProperties.getProperty(TestDataProperties.java:38)
at com.propery.TestDataProperties.getProperty(TestDataProperties.java:38)
at com.propery.TestDataProperties.getProperty(TestDataProperties.java:38)
at com.propery.TestDataProperties.getProperty(TestDataProperties.java:38)
at com.propery.TestDataProperties.getProperty(TestDataProperties.java:38)
at com.propery.TestDataProperties.getProperty(TestDataProperties.java:38)
at com.propery.TestDataProperties.getProperty(TestDataProperties.java:38)
at com.propery.TestDataProperties.getProperty(TestDataProperties.java:38)
at com.propery.TestDataProperties.getProperty(TestDataProperties.java:38)
at com.propery.TestDataProperties.getProperty(TestDataProperties.java:38)
at com.propery.TestDataProperties.getProperty(TestDataProperties.java:38)
at com.propery.TestDataProperties.getProperty(TestDataProperties.java:38)
at com.propery.TestDataProperties.getProperty(TestDataProperties.java:38)
at com.propery.TestDataProperties.getProperty(TestDataProperties.java:38)
at com.propery.TestDataProperties.getProperty(TestDataProperties.java:38)
at com.propery.TestDataProperties.getProperty(TestDataProperties.java:38)
at com.propery.TestDataProperties.getProperty(TestDataProperties.java:38)
at com.propery.TestDataProperties.getProperty(TestDataProperties.java:38)
at com.propery.TestDataProperties.getProperty(TestDataProperties.java:38)
at com.propery.TestDataProperties.getProperty(TestDataProperties.java:38)
at com.propery.TestDataProperties.getProperty(TestDataProperties.java:38)
at com.propery.TestDataProperties.getProperty(TestDataProperties.java:38)
at com.propery.TestDataProperties.getProperty(TestDataProperties.java:38)
at com.propery.TestDataProperties.getProperty(TestDataProperties.java:38)
at com.propery.TestDataProperties.getProperty(TestDataProperties.java:38)
at com.propery.TestDataProperties.getProperty(TestDataProperties.java:38)
at com.propery.TestDataProperties.getProperty(TestDataProperties.java:38)
at com.propery.TestDataProperties.getProperty(TestDataProperties.java:38)
at com.propery.TestDataProperties.getProperty(TestDataProperties.java:38)
at com.propery.TestDataProperties.getProperty(TestDataProperties.java:38)
at com.propery.TestDataProperties.getProperty(TestDataProperties.java:38)
at com.propery.TestDataProperties.getProperty(TestDataProperties.java:38)
at com.propery.TestDataProperties.getProperty(TestDataProperties.java:38)
at com.propery.TestDataProperties.getProperty(TestDataProperties.java:38)
at com.propery.TestDataProperties.getProperty(TestDataProperties.java:38)
at com.propery.TestDataProperties.getProperty(TestDataProperties.java:38)
at com.propery.TestDataProperties.getProperty(TestDataProperties.java:38)
at com.propery.TestDataProperties.getProperty(TestDataProperties.java:38)
at com.propery.TestDataProperties.getProperty(TestDataProperties.java:38)
at com.propery.TestDataProperties.getProperty(TestDataProperties.java:38)
at com.propery.TestDataProperties.getProperty(TestDataProperties.java:38)
at com.propery.TestDataProperties.getProperty(TestDataProperties.java:38)
at com.propery.TestDataProperties.getProperty(TestDataProperties.java:38)
at com.propery.TestDataProperties.getProperty(TestDataProperties.java:38)
at com.propery.TestDataProperties.getProperty(TestDataProperties.java:38)
at com.propery.TestDataProperties.getProperty(TestDataProperties.java:38)
at com.propery.TestDataProperties.getProperty(TestDataProperties.java:38)
at com.propery.TestDataProperties.getProperty(TestDataProperties.java:38)
at com.propery.TestDataProperties.getProperty(TestDataProperties.java:38)
at com.propery.TestDataProperties.getProperty(TestDataProperties.java:38)
at com.propery.TestDataProperties.getProperty(TestDataProperties.java:38)
at com.propery.TestDataProperties.getProperty(TestDataProperties.java:38)
at com.propery.TestDataProperties.getProperty(TestDataProperties.java:38)
at com.propery.TestDataProperties.getProperty(TestDataProperties.java:38)
at com.propery.TestDataProperties.getProperty(TestDataProperties.java:38)
at com.propery.TestDataProperties.getProperty(TestDataProperties.java:38)
at com.propery.TestDataProperties.getProperty(TestDataProperties.java:38)
at com.propery.TestDataProperties.getProperty(TestDataProperties.java:38)
at com.propery.TestDataProperties.getProperty(TestDataProperties.java:38)
at com.propery.TestDataProperties.getProperty(TestDataProperties.java:38)
at com.propery.TestDataProperties.getProperty(TestDataProperties.java:38)
at com.propery.TestDataProperties.getProperty(TestDataProperties.java:38)
at com.propery.TestDataProperties.getProperty(TestDataProperties.java:38)
at com.propery.TestDataProperties.getProperty(TestDataProperties.java:38)
at com.propery.TestDataProperties.getProperty(TestDataProperties.java:38)
at com.propery.TestDataProperties.getProperty(TestDataProperties.java:38)
at com.propery.TestDataProperties.getProperty(TestDataProperties.java:38)
at com.propery.TestDataProperties.getProperty(TestDataProperties.java:38)
at com.propery.TestDataProperties.getProperty(TestDataProperties.java:38)
at com.propery.TestDataProperties.getProperty(TestDataProperties.java:38)
at com.propery.TestDataProperties.getProperty(TestDataProperties.java:38)
at com.propery.TestDataProperties.getProperty(TestDataProperties.java:38)
at com.propery.TestDataProperties.getProperty(TestDataProperties.java:38)
at com.propery.TestDataProperties.getProperty(TestDataProperties.java:38)
at com.propery.TestDataProperties.getProperty(TestDataProperties.java:38)
at com.propery.TestDataProperties.getProperty(TestDataProperties.java:38)
at com.propery.TestDataProperties.getProperty(TestDataProperties.java:38)
at com.propery.TestDataProperties.getProperty(TestDataProperties.java:38)
at com.propery.TestDataProperties.getProperty(TestDataProperties.java:38)
at com.propery.TestDataProperties.getProperty(TestDataProperties.java:38)
at com.propery.TestDataProperties.getProperty(TestDataProperties.java:38)
at com.propery.TestDataProperties.getProperty(TestDataProperties.java:38)
at com.propery.TestDataProperties.getProperty(TestDataProperties.java:38)
at com.propery.TestDataProperties.getProperty(TestDataProperties.java:38)
at com.propery.TestDataProperties.getProperty(TestDataProperties.java:38)
at com.propery.TestDataProperties.getProperty(TestDataProperties.java:38)
at com.propery.TestDataProperties.getProperty(TestDataProperties.java:38)
at com.propery.TestDataProperties.getProperty(TestDataProperties.java:38)
at com.propery.TestDataProperties.getProperty(TestDataProperties.java:38)
at com.propery.TestDataProperties.getProperty(TestDataProperties.java:38)
at com.propery.TestDataProperties.getProperty(TestDataProperties.java:38)
at com.propery.TestDataProperties.getProperty(TestDataProperties.java:38)
at com.propery.TestDataProperties.getProperty(TestDataProperties.java:38)
at com.propery.TestDataProperties.getProperty(TestDataProperties.java:38)
at com.propery.TestDataProperties.getProperty(TestDataProperties.java:38)
at com.propery.TestDataProperties.getProperty(TestDataProperties.java:38)
at com.propery.TestDataProperties.getProperty(TestDataProperties.java:38)
at com.propery.TestDataProperties.getProperty(TestDataProperties.java:38)
at com.propery.TestDataProperties.getProperty(TestDataProperties.java:38)
at com.propery.TestDataProperties.getProperty(TestDataProperties.java:38)
at com.propery.TestDataProperties.getProperty(TestDataProperties.java:38)
at com.propery.TestDataProperties.getProperty(TestDataProperties.java:38)
at com.propery.TestDataProperties.getProperty(TestDataProperties.java:38)
at com.propery.TestDataProperties.getProperty(TestDataProperties.java:38)
at com.propery.TestDataProperties.getProperty(TestDataProperties.java:38)
at com.propery.TestDataProperties.getProperty(TestDataProperties.java:38)
at com.propery.TestDataProperties.getProperty(TestDataProperties.java:38)
at com.propery.TestDataProperties.getProperty(TestDataProperties.java:38)
at com.propery.TestDataProperties.getProperty(TestDataProperties.java:38)
at com.propery.TestDataProperties.getProperty(TestDataProperties.java:38)
at com.propery.TestDataProperties.getProperty(TestDataProperties.java:38)
at com.propery.TestDataProperties.getProperty(TestDataProperties.java:38)
at com.propery.TestDataProperties.getProperty(TestDataProperties.java:38)
at com.propery.TestDataProperties.getProperty(TestDataProperties.java:38)
at com.propery.TestDataProperties.getProperty(TestDataProperties.java:38)
at com.propery.TestDataProperties.getProperty(TestDataProperties.java:38)
at com.propery.TestDataProperties.getProperty(TestDataProperties.java:38)
at com.propery.TestDataProperties.getProperty(TestDataProperties.java:38)
at com.propery.TestDataProperties.getProperty(TestDataProperties.java:38)
at com.propery.TestDataProperties.getProperty(TestDataProperties.java:38)
at com.propery.TestDataProperties.getProperty(TestDataProperties.java:38)
at com.propery.TestDataProperties.getProperty(TestDataProperties.java:38)
at com.propery.TestDataProperties.getProperty(TestDataProperties.java:38)
at com.propery.TestDataProperties.getProperty(TestDataProperties.java:38)
at com.propery.TestDataProperties.getProperty(TestDataProperties.java:38)
at com.propery.TestDataProperties.getProperty(TestDataProperties.java:38)
at com.propery.TestDataProperties.getProperty(TestDataProperties.java:38)
at com.propery.TestDataProperties.getProperty(TestDataProperties.java:38)
at com.propery.TestDataProperties.getProperty(TestDataProperties.java:38)
at com.propery.TestDataProperties.getProperty(TestDataProperties.java:38)
at com.propery.TestDataProperties.getProperty(TestDataProperties.java:38)
at com.propery.TestDataProperties.getProperty(TestDataProperties.java:38)
at com.propery.TestDataProperties.getProperty(TestDataProperties.java:38)
at com.propery.TestDataProperties.getProperty(TestDataProperties.java:38)
at com.propery.TestDataProperties.getProperty(TestDataProperties.java:38)
at com.propery.TestDataProperties.getProperty(TestDataProperties.java:38)
at com.propery.TestDataProperties.getProperty(TestDataProperties.java:38)
at com.propery.TestDataProperties.getProperty(TestDataProperties.java:38)
at com.propery.TestDataProperties.getProperty(TestDataProperties.java:38)
at com.propery.TestDataProperties.getProperty(TestDataProperties.java:38)
at com.propery.TestDataProperties.getProperty(TestDataProperties.java:38)
at com.propery.TestDataProperties.getProperty(TestDataProperties.java:38)
at com.propery.TestDataProperties.getProperty(TestDataProperties.java:38)
at com.propery.TestDataProperties.getProperty(TestDataProperties.java:38)
at com.propery.TestDataProperties.getProperty(TestDataProperties.java:38)
at com.propery.TestDataProperties.getProperty(TestDataProperties.java:38)
at com.propery.TestDataProperties.getProperty(TestDataProperties.java:38)
at com.propery.TestDataProperties.getProperty(TestDataProperties.java:38)
at com.propery.TestDataProperties.getProperty(TestDataProperties.java:38)
at com.propery.TestDataProperties.getProperty(TestDataProperties.java:38)
at com.propery.TestDataProperties.getProperty(TestDataProperties.java:38)
at com.propery.TestDataProperties.getProperty(TestDataProperties.java:38)
at com.propery.TestDataProperties.getProperty(TestDataProperties.java:38)
at com.propery.TestDataProperties.getProperty(TestDataProperties.java:38)
at com.propery.TestDataProperties.getProperty(TestDataProperties.java:38)
at com.propery.TestDataProperties.getProperty(TestDataProperties.java:38)
at com.propery.TestDataProperties.getProperty(TestDataProperties.java:38)
at com.propery.TestDataProperties.getProperty(TestDataProperties.java:38)
at com.propery.TestDataProperties.getProperty(TestDataProperties.java:38)
at com.propery.TestDataProperties.getProperty(TestDataProperties.java:38)
at com.propery.TestDataProperties.getProperty(TestDataProperties.java:38)
at com.propery.TestDataProperties.getProperty(TestDataProperties.java:38)
at com.propery.TestDataProperties.getProperty(TestDataProperties.java:38)
at com.propery.TestDataProperties.getProperty(TestDataProperties.java:38)
at com.propery.TestDataProperties.getProperty(TestDataProperties.java:38)
at com.propery.TestDataProperties.getProperty(TestDataProperties.java:38)
at com.propery.TestDataProperties.getProperty(TestDataProperties.java:38)
at com.propery.TestDataProperties.getProperty(TestDataProperties.java:38)
at com.propery.TestDataProperties.getProperty(TestDataProperties.java:38)
at com.propery.TestDataProperties.getProperty(TestDataProperties.java:38)
at com.propery.TestDataProperties.getProperty(TestDataProperties.java:38)
at com.propery.TestDataProperties.getProperty(TestDataProperties.java:38)
at com.propery.TestDataProperties.getProperty(TestDataProperties.java:38)
at com.propery.TestDataProperties.getProperty(TestDataProperties.java:38)
at com.propery.TestDataProperties.getProperty(TestDataProperties.java:38)
at com.propery.TestDataProperties.getProperty(TestDataProperties.java:38)
at com.propery.TestDataProperties.getProperty(TestDataProperties.java:38)
at com.propery.TestDataProperties.getProperty(TestDataProperties.java:38)
at com.propery.TestDataProperties.getProperty(TestDataProperties.java:38)
at com.propery.TestDataProperties.getProperty(TestDataProperties.java:38)
at com.propery.TestDataProperties.getProperty(TestDataProperties.java:38)
at com.propery.TestDataProperties.getProperty(TestDataProperties.java:38)
at com.propery.TestDataProperties.getProperty(TestDataProperties.java:38)
at com.propery.TestDataProperties.getProperty(TestDataProperties.java:38)
at com.propery.TestDataProperties.getProperty(TestDataProperties.java:38)
at com.propery.TestDataProperties.getProperty(TestDataProperties.java:38)
at com.propery.TestDataProperties.getProperty(TestDataProperties.java:38)
at com.propery.TestDataProperties.getProperty(TestDataProperties.java:38)
at com.propery.TestDataProperties.getProperty(TestDataProperties.java:38)
at com.propery.TestDataProperties.getProperty(TestDataProperties.java:38)
at com.propery.TestDataProperties.getProperty(TestDataProperties.java:38)
at com.propery.TestDataProperties.getProperty(TestDataProperties.java:38)
at com.propery.TestDataProperties.getProperty(TestDataProperties.java:38)
at com.propery.TestDataProperties.getProperty(TestDataProperties.java:38)
at com.propery.TestDataProperties.getProperty(TestDataProperties.java:38)
at com.propery.TestDataProperties.getProperty(TestDataProperties.java:38)
at com.propery.TestDataProperties.getProperty(TestDataProperties.java:38)
at com.propery.TestDataProperties.getProperty(TestDataProperties.java:38)
at com.propery.TestDataProperties.getProperty(TestDataProperties.java:38)
at com.propery.TestDataProperties.getProperty(TestDataProperties.java:38)
at com.propery.TestDataProperties.getProperty(TestDataProperties.java:38)
at com.propery.TestDataProperties.getProperty(TestDataProperties.java:38)
at com.propery.TestDataProperties.getProperty(TestDataProperties.java:38)
at com.propery.TestDataProperties.getProperty(TestDataProperties.java:38)
at com.propery.TestDataProperties.getProperty(TestDataProperties.java:38)
at com.propery.TestDataProperties.getProperty(TestDataProperties.java:38)
at com.propery.TestDataProperties.getProperty(TestDataProperties.java:38)
at com.propery.TestDataProperties.getProperty(TestDataProperties.java:38)
at com.propery.TestDataProperties.getProperty(TestDataProperties.java:38)
at com.propery.TestDataProperties.getProperty(TestDataProperties.java:38)
at com.propery.TestDataProperties.getProperty(TestDataProperties.java:38)
at com.propery.TestDataProperties.getProperty(TestDataProperties.java:38)
at com.propery.TestDataProperties.getProperty(TestDataProperties.java:38)
at com.propery.TestDataProperties.getProperty(TestDataProperties.java:38)
at com.propery.TestDataProperties.getProperty(TestDataProperties.java:38)
at com.propery.TestDataProperties.getProperty(TestDataProperties.java:38)
at com.propery.TestDataProperties.getProperty(TestDataProperties.java:38)
at com.propery.TestDataProperties.getProperty(TestDataProperties.java:38)
at com.propery.TestDataProperties.getProperty(TestDataProperties.java:38)
at com.propery.TestDataProperties.getProperty(TestDataProperties.java:38)
at com.propery.TestDataProperties.getProperty(TestDataProperties.java:38)
at com.propery.TestDataProperties.getProperty(TestDataProperties.java:38)
at com.propery.TestDataProperties.getProperty(TestDataProperties.java:38)
at com.propery.TestDataProperties.getProperty(TestDataProperties.java:38)
at com.propery.TestDataProperties.getProperty(TestDataProperties.java:38)
at com.propery.TestDataProperties.getProperty(TestDataProperties.java:38)
at com.propery.TestDataProperties.getProperty(TestDataProperties.java:38)
at com.propery.TestDataProperties.getProperty(TestDataProperties.java:38)
at com.propery.TestDataProperties.getProperty(TestDataProperties.java:38)
at com.propery.TestDataProperties.getProperty(TestDataProperties.java:38)
at com.propery.TestDataProperties.getProperty(TestDataProperties.java:38)
at com.propery.TestDataProperties.getProperty(TestDataProperties.java:38)
at com.propery.TestDataProperties.getProperty(TestDataProperties.java:38)
at com.propery.TestDataProperties.getProperty(TestDataProperties.java:38)
at com.propery.TestDataProperties.getProperty(TestDataProperties.java:38)
at com.propery.TestDataProperties.getProperty(TestDataProperties.java:38)
at com.propery.TestDataProperties.getProperty(TestDataProperties.java:38)
at com.propery.TestDataProperties.getProperty(TestDataProperties.java:38)
at com.propery.TestDataProperties.getProperty(TestDataProperties.java:38)
at com.propery.TestDataProperties.getProperty(TestDataProperties.java:38)
at com.propery.TestDataProperties.getProperty(TestDataProperties.java:38)
at com.propery.TestDataProperties.getProperty(TestDataProperties.java:38)
at com.propery.TestDataProperties.getProperty(TestDataProperties.java:38)
at com.propery.TestDataProperties.getProperty(TestDataProperties.java:38)
at com.propery.TestDataProperties.getProperty(TestDataProperties.java:38)
at com.propery.TestDataProperties.getProperty(TestDataProperties.java:38)
at com.propery.TestDataProperties.getProperty(TestDataProperties.java:38)
at com.propery.TestDataProperties.getProperty(TestDataProperties.java:38)
at com.propery.TestDataProperties.getProperty(TestDataProperties.java:38)
at com.propery.TestDataProperties.getProperty(TestDataProperties.java:38)
at com.propery.TestDataProperties.getProperty(TestDataProperties.java:38)
at com.propery.TestDataProperties.getProperty(TestDataProperties.java:38)
at com.propery.TestDataProperties.getProperty(TestDataProperties.java:38)
at com.propery.TestDataProperties.getProperty(TestDataProperties.java:38)
at com.propery.TestDataProperties.getProperty(TestDataProperties.java:38)
at com.propery.TestDataProperties.getProperty(TestDataProperties.java:38)
at com.propery.TestDataProperties.getProperty(TestDataProperties.java:38)
at com.propery.TestDataProperties.getProperty(TestDataProperties.java:38)
at com.propery.TestDataProperties.getProperty(TestDataProperties.java:38)
at com.propery.TestDataProperties.getProperty(TestDataProperties.java:38)
at com.propery.TestDataProperties.getProperty(TestDataProperties.java:38)
at com.propery.TestDataProperties.getProperty(TestDataProperties.java:38)
at com.propery.TestDataProperties.getProperty(TestDataProperties.java:38)
at com.propery.TestDataProperties.getProperty(TestDataProperties.java:38)
at com.propery.TestDataProperties.getProperty(TestDataProperties.java:38)
at com.propery.TestDataProperties.getProperty(TestDataProperties.java:38)
at com.propery.TestDataProperties.getProperty(TestDataProperties.java:38)
at com.propery.TestDataProperties.getProperty(TestDataProperties.java:38)
at com.propery.TestDataProperties.getProperty(TestDataProperties.java:38)
at com.propery.TestDataProperties.getProperty(TestDataProperties.java:38)
at com.propery.TestDataProperties.getProperty(TestDataProperties.java:38)
]]>
    </failure>
  </testcase> <!-- @BeforeSuite name1 -->
  <testcase classname="wwwwwwww.sq" name="@BeforeMethod name3" time="-1.639050475012E9">
    <skipped/>
  </testcase> <!-- @BeforeMethod name3 -->
  <testcase classname="wwwwwwww.sq" name="@AfterMethod name6" time="-1.63905047503E9">
    <skipped/>
  </testcase> <!-- @AfterMethod name6 -->
  <testcase classname="wwwwwwww.sq" name="@BeforeMethod name3" time="-1.639050475032E9">
    <skipped/>
  </testcase> <!-- @BeforeMethod name3 -->
  <testcase classname="wwwwwwww.sq" name="@AfterMethod name6" time="-1.639050475045E9">
    <skipped/>
  </testcase> <!-- @AfterMethod name6 -->
  <testcase classname="wwwwwwww.sq" name="@BeforeMethod name3" time="-1.639050475045E9">
    <skipped/>
  </testcase> <!-- @BeforeMethod name3 -->
  <testcase classname="wwwwwwww.sq" name="@AfterMethod name6" time="-1.639050475054E9">
    <skipped/>
  </testcase> <!-- @AfterMethod name6 -->
  <testcase classname="wwwwwwww.sq" name="@AfterClass name7" time="-1.639050475055E9">
    <skipped/>
  </testcase> <!-- @AfterClass name7 -->
  <testcase classname="wwwwwwww.sq" name="name2" time="0.0">
    <skipped/>
  </testcase> <!-- name2 -->
  <testcase classname="wwwwwwww.sq" name="name4" time="0.0">
    <skipped/>
  </testcase> <!-- name4 -->
  <testcase classname="wwwwwwww.sq" name="name5" time="0.0">
    <skipped/>
  </testcase> <!-- name5 -->
</testsuite> <!-- Test -->
