<?xml version="1.0" encoding="UTF-8"?>
<testng-results ignored="0" total="3" passed="2" failed="1" skipped="0">
  <reporter-output>
  </reporter-output>
  <suite started-at="2021-12-09T17:19:58 IST" name="Default suite" finished-at="2021-12-09T17:19:59 IST" duration-ms="831">
    <groups>
    </groups>
    <test started-at="2021-12-09T17:19:58 IST" name="Default test" finished-at="2021-12-09T17:19:59 IST" duration-ms="831">
      <class name="wwwwwwww.sq">
        <test-method is-config="true" signature="name1()[pri:0, instance:wwwwwwww.sq@2e6a8155]" started-at="2021-12-09T17:19:52 IST" name="name1" finished-at="2021-12-09T17:19:58 IST" duration-ms="6760" status="PASS">
          <reporter-output>
          </reporter-output>
        </test-method> <!-- name1 -->
        <test-method is-config="true" signature="name3()[pri:0, instance:wwwwwwww.sq@2e6a8155]" started-at="2021-12-09T17:19:59 IST" name="name3" finished-at="2021-12-09T17:19:59 IST" duration-ms="0" status="PASS">
          <reporter-output>
          </reporter-output>
        </test-method> <!-- name3 -->
        <test-method signature="name2(java.lang.String,java.lang.String,java.lang.String)[pri:0, instance:wwwwwwww.sq@2e6a8155]" started-at="2021-12-09T17:19:59 IST" name="name2" data-provider="employee" finished-at="2021-12-09T17:19:59 IST" duration-ms="727" status="FAIL">
          <params>
            <param index="0">
              <value>
                <![CDATA[INFOSYS]]>
              </value>
            </param>
            <param index="1">
              <value>
                <![CDATA[Denver]]>
              </value>
            </param>
            <param index="2">
              <value>
                <![CDATA[James]]>
              </value>
            </param>
          </params>
          <exception class="org.openqa.selenium.NoSuchWindowException">
            <message>
              <![CDATA[no such window: target window already closed
from unknown error: web view not found
  (Session info: chrome=96.0.4664.93)
Build info: version: '4.1.0', revision: '87802e897b'
System info: host: 'DESKTOP-QNIABA3', ip: '192.168.43.172', os.name: 'Windows 10', os.arch: 'amd64', os.version: '10.0', java.version: '16.0.2'
Driver info: org.openqa.selenium.chrome.ChromeDriver
Command: [ce2338edba69a7e25c5e8e159b1f35e5, findElement {using=xpath, value=//input[@id='createLeadForm_companyName']}]
Capabilities {acceptInsecureCerts: false, browserName: chrome, browserVersion: 96.0.4664.93, chrome: {chromedriverVersion: 96.0.4664.45 (76e4c1bb2ab46..., userDataDir: C:\Users\Ayyappan\AppData\L...}, goog:chromeOptions: {debuggerAddress: localhost:55480}, javascriptEnabled: true, networkConnectionEnabled: false, pageLoadStrategy: normal, platform: WINDOWS, platformName: WINDOWS, proxy: Proxy(), se:cdp: ws://localhost:55480/devtoo..., se:cdpVersion: 96.0.4664.93, setWindowRect: true, strictFileInteractability: false, timeouts: {implicit: 0, pageLoad: 300000, script: 30000}, unhandledPromptBehavior: dismiss and notify, webauthn:extension:credBlob: true, webauthn:extension:largeBlob: true, webauthn:virtualAuthenticators: true}
Session ID: ce2338edba69a7e25c5e8e159b1f35e5]]>
            </message>
            <full-stacktrace>
              <![CDATA[org.openqa.selenium.NoSuchWindowException: no such window: target window already closed
from unknown error: web view not found
  (Session info: chrome=96.0.4664.93)
Build info: version: '4.1.0', revision: '87802e897b'
System info: host: 'DESKTOP-QNIABA3', ip: '192.168.43.172', os.name: 'Windows 10', os.arch: 'amd64', os.version: '10.0', java.version: '16.0.2'
Driver info: org.openqa.selenium.chrome.ChromeDriver
Command: [ce2338edba69a7e25c5e8e159b1f35e5, findElement {using=xpath, value=//input[@id='createLeadForm_companyName']}]
Capabilities {acceptInsecureCerts: false, browserName: chrome, browserVersion: 96.0.4664.93, chrome: {chromedriverVersion: 96.0.4664.45 (76e4c1bb2ab46..., userDataDir: C:\Users\Ayyappan\AppData\L...}, goog:chromeOptions: {debuggerAddress: localhost:55480}, javascriptEnabled: true, networkConnectionEnabled: false, pageLoadStrategy: normal, platform: WINDOWS, platformName: WINDOWS, proxy: Proxy(), se:cdp: ws://localhost:55480/devtoo..., se:cdpVersion: 96.0.4664.93, setWindowRect: true, strictFileInteractability: false, timeouts: {implicit: 0, pageLoad: 300000, script: 30000}, unhandledPromptBehavior: dismiss and notify, webauthn:extension:credBlob: true, webauthn:extension:largeBlob: true, webauthn:virtualAuthenticators: true}
Session ID: ce2338edba69a7e25c5e8e159b1f35e5
at java.base/jdk.internal.reflect.NativeConstructorAccessorImpl.newInstance0(Native Method)
at java.base/jdk.internal.reflect.NativeConstructorAccessorImpl.newInstance(NativeConstructorAccessorImpl.java:78)
at java.base/jdk.internal.reflect.DelegatingConstructorAccessorImpl.newInstance(DelegatingConstructorAccessorImpl.java:45)
at java.base/java.lang.reflect.Constructor.newInstanceWithCaller(Constructor.java:499)
at java.base/java.lang.reflect.Constructor.newInstance(Constructor.java:480)
at org.openqa.selenium.remote.codec.w3c.W3CHttpResponseCodec.createException(W3CHttpResponseCodec.java:200)
at org.openqa.selenium.remote.codec.w3c.W3CHttpResponseCodec.decode(W3CHttpResponseCodec.java:133)
at org.openqa.selenium.remote.codec.w3c.W3CHttpResponseCodec.decode(W3CHttpResponseCodec.java:53)
at org.openqa.selenium.remote.HttpCommandExecutor.execute(HttpCommandExecutor.java:184)
at org.openqa.selenium.remote.service.DriverCommandExecutor.invokeExecute(DriverCommandExecutor.java:164)
at org.openqa.selenium.remote.service.DriverCommandExecutor.execute(DriverCommandExecutor.java:139)
at org.openqa.selenium.remote.RemoteWebDriver.execute(RemoteWebDriver.java:559)
at org.openqa.selenium.remote.ElementLocation$ElementFinder$2.findElement(ElementLocation.java:162)
at org.openqa.selenium.remote.ElementLocation.findElement(ElementLocation.java:60)
at org.openqa.selenium.remote.RemoteWebDriver.findElement(RemoteWebDriver.java:383)
at org.openqa.selenium.remote.RemoteWebDriver.findElement(RemoteWebDriver.java:375)
at org.openqa.selenium.support.pagefactory.DefaultElementLocator.findElement(DefaultElementLocator.java:70)
at org.openqa.selenium.support.pagefactory.internal.LocatingElementHandler.invoke(LocatingElementHandler.java:39)
at jdk.proxy2/jdk.proxy2.$Proxy20.sendKeys(Unknown Source)
at wwwwwwww.sq.name2(sq.java:60)
at java.base/jdk.internal.reflect.NativeMethodAccessorImpl.invoke0(Native Method)
at java.base/jdk.internal.reflect.NativeMethodAccessorImpl.invoke(NativeMethodAccessorImpl.java:78)
at java.base/jdk.internal.reflect.DelegatingMethodAccessorImpl.invoke(DelegatingMethodAccessorImpl.java:43)
at java.base/java.lang.reflect.Method.invoke(Method.java:567)
at org.testng.internal.MethodInvocationHelper.invokeMethod(MethodInvocationHelper.java:133)
at org.testng.internal.TestInvoker.invokeMethod(TestInvoker.java:598)
at org.testng.internal.TestInvoker.invokeTestMethod(TestInvoker.java:173)
at org.testng.internal.MethodRunner.runInSequence(MethodRunner.java:46)
at org.testng.internal.TestInvoker$MethodInvocationAgent.invoke(TestInvoker.java:824)
at org.testng.internal.TestInvoker.invokeTestMethods(TestInvoker.java:146)
at org.testng.internal.TestMethodWorker.invokeTestMethods(TestMethodWorker.java:146)
at org.testng.internal.TestMethodWorker.run(TestMethodWorker.java:128)
at java.base/java.util.ArrayList.forEach(ArrayList.java:1511)
at org.testng.TestRunner.privateRun(TestRunner.java:794)
at org.testng.TestRunner.run(TestRunner.java:596)
at org.testng.SuiteRunner.runTest(SuiteRunner.java:377)
at org.testng.SuiteRunner.runSequentially(SuiteRunner.java:371)
at org.testng.SuiteRunner.privateRun(SuiteRunner.java:332)
at org.testng.SuiteRunner.run(SuiteRunner.java:276)
at org.testng.SuiteRunnerWorker.runSuite(SuiteRunnerWorker.java:53)
at org.testng.SuiteRunnerWorker.run(SuiteRunnerWorker.java:96)
at org.testng.TestNG.runSuitesSequentially(TestNG.java:1212)
at org.testng.TestNG.runSuitesLocally(TestNG.java:1134)
at org.testng.TestNG.runSuites(TestNG.java:1063)
at org.testng.TestNG.run(TestNG.java:1031)
at org.testng.remote.AbstractRemoteTestNG.run(AbstractRemoteTestNG.java:115)
at org.testng.remote.RemoteTestNG.initAndRun(RemoteTestNG.java:251)
at org.testng.remote.RemoteTestNG.main(RemoteTestNG.java:77)
]]>
            </full-stacktrace>
          </exception> <!-- org.openqa.selenium.NoSuchWindowException -->
          <reporter-output>
          </reporter-output>
        </test-method> <!-- name2 -->
        <test-method is-config="true" signature="name6()[pri:0, instance:wwwwwwww.sq@2e6a8155]" started-at="2021-12-09T17:19:59 IST" name="name6" finished-at="2021-12-09T17:19:59 IST" duration-ms="1" status="PASS">
          <reporter-output>
          </reporter-output>
        </test-method> <!-- name6 -->
        <test-method is-config="true" signature="name3()[pri:0, instance:wwwwwwww.sq@2e6a8155]" started-at="2021-12-09T17:19:59 IST" name="name3" finished-at="2021-12-09T17:19:59 IST" duration-ms="1" status="PASS">
          <reporter-output>
          </reporter-output>
        </test-method> <!-- name3 -->
        <test-method signature="name4()[pri:0, instance:wwwwwwww.sq@2e6a8155]" started-at="2021-12-09T17:19:59 IST" name="name4" finished-at="2021-12-09T17:19:59 IST" duration-ms="1" status="PASS">
          <reporter-output>
          </reporter-output>
        </test-method> <!-- name4 -->
        <test-method is-config="true" signature="name6()[pri:0, instance:wwwwwwww.sq@2e6a8155]" started-at="2021-12-09T17:19:59 IST" name="name6" finished-at="2021-12-09T17:19:59 IST" duration-ms="2" status="PASS">
          <reporter-output>
          </reporter-output>
        </test-method> <!-- name6 -->
        <test-method is-config="true" signature="name3()[pri:0, instance:wwwwwwww.sq@2e6a8155]" started-at="2021-12-09T17:19:59 IST" name="name3" finished-at="2021-12-09T17:19:59 IST" duration-ms="5" status="PASS">
          <reporter-output>
          </reporter-output>
        </test-method> <!-- name3 -->
        <test-method signature="name5()[pri:0, instance:wwwwwwww.sq@2e6a8155]" started-at="2021-12-09T17:19:59 IST" name="name5" finished-at="2021-12-09T17:19:59 IST" duration-ms="3" status="PASS">
          <reporter-output>
          </reporter-output>
        </test-method> <!-- name5 -->
        <test-method is-config="true" signature="name6()[pri:0, instance:wwwwwwww.sq@2e6a8155]" started-at="2021-12-09T17:19:59 IST" name="name6" finished-at="2021-12-09T17:19:59 IST" duration-ms="0" status="PASS">
          <reporter-output>
          </reporter-output>
        </test-method> <!-- name6 -->
        <test-method is-config="true" signature="name7()[pri:0, instance:wwwwwwww.sq@2e6a8155]" started-at="2021-12-09T17:19:59 IST" name="name7" finished-at="2021-12-09T17:19:59 IST" duration-ms="2" status="PASS">
          <reporter-output>
          </reporter-output>
        </test-method> <!-- name7 -->
        <test-method is-config="true" signature="name8()[pri:0, instance:wwwwwwww.sq@2e6a8155]" started-at="2021-12-09T17:19:59 IST" name="name8" finished-at="2021-12-09T17:19:59 IST" duration-ms="2" status="PASS">
          <reporter-output>
          </reporter-output>
        </test-method> <!-- name8 -->
      </class> <!-- wwwwwwww.sq -->
    </test> <!-- Default test -->
  </suite> <!-- Default suite -->
</testng-results>
